<?xml version="1.0" encoding="UTF-8"?>
<!-- Generated by org.testng.reporters.JUnitReportReporter -->
<testsuite hostname="ThinkP51" failures="0" tests="1" name="setup.AppiumBasics" time="22.414" errors="0" timestamp="2024-08-28T12:04:16 PDT" skipped="0">
  <testcase classname="setup.AppiumBasics" name="AppiumTest" time="22.414"/>
</testsuite> <!-- setup.AppiumBasics -->
