<?xml version="1.0" encoding="UTF-8"?>
<!-- Generated by org.testng.reporters.JUnitReportReporter -->
<testsuite hostname="ThinkP51" failures="0" tests="1" name="setup.DragDropDemo" time="23.207" errors="0" timestamp="2024-08-30T11:41:46 PDT" skipped="0">
  <testcase classname="setup.DragDropDemo" name="SwipeDemoTest" time="23.207"/>
</testsuite> <!-- setup.DragDropDemo -->
