<?xml version="1.0" encoding="UTF-8"?>
<!-- Generated by org.testng.reporters.JUnitReportReporter -->
<testsuite hostname="ThinkP51" failures="0" tests="1" name="setup.NavigateToActivity" time="22.546" errors="0" timestamp="2024-08-30T12:45:34 PDT" skipped="0">
  <testcase classname="setup.NavigateToActivity" name="Navigate" time="22.546"/>
</testsuite> <!-- setup.NavigateToActivity -->
