<?xml version="1.0" encoding="UTF-8"?>
<!-- Generated by org.testng.reporters.JUnitReportReporter -->
<testsuite hostname="ThinkP51" failures="0" tests="1" name="generalStore.Ecommerce2" time="72.157" errors="0" timestamp="2024-09-16T13:56:27 PDT" skipped="0">
  <testcase classname="generalStore.Ecommerce2" name="PopulateForm" time="72.157"/>
</testsuite> <!-- generalStore.Ecommerce2 -->
