<?xml version="1.0" encoding="UTF-8"?>
<!-- Generated by org.testng.reporters.JUnitReportReporter -->
<testsuite hostname="ThinkP51" failures="0" tests="1" name="generalStore.Ecommerce2" time="26.930" errors="0" timestamp="2024-08-31T11:18:48 PDT" skipped="0">
  <testcase classname="generalStore.Ecommerce2" name="PopulateForm" time="26.930"/>
</testsuite> <!-- generalStore.Ecommerce2 -->
