<?xml version="1.0" encoding="UTF-8"?>
<!-- Generated by org.testng.reporters.JUnitReportReporter -->
<testsuite hostname="ThinkP51" failures="0" tests="1" name="setup.ScrollDemo" time="41.352" errors="0" timestamp="2024-08-29T12:32:46 PDT" skipped="0">
  <testcase classname="setup.ScrollDemo" name="LongPressGesture" time="41.352"/>
</testsuite> <!-- setup.ScrollDemo -->
