<?xml version="1.0" encoding="UTF-8"?>
<!-- Generated by org.testng.reporters.JUnitReportReporter -->
<testsuite hostname="ThinkP51" failures="0" tests="1" name="setup.AppiumBasics" time="16.727" errors="0" timestamp="2024-08-29T12:06:27 PDT" skipped="0">
  <testcase classname="setup.AppiumBasics" name="WifiSettingsName" time="16.727"/>
</testsuite> <!-- setup.AppiumBasics -->
