<?xml version="1.0" encoding="UTF-8"?>
<!-- Generated by org.testng.reporters.JUnitReportReporter -->
<testsuite hostname="ThinkP51" failures="0" tests="1" name="generalStore.Ecommerce" time="25.220" errors="0" timestamp="2024-08-31T10:20:29 PDT" skipped="0">
  <testcase classname="generalStore.Ecommerce" name="FillForm" time="25.220"/>
</testsuite> <!-- generalStore.Ecommerce -->
