<?xml version="1.0" encoding="UTF-8"?>
<!-- Generated by org.testng.reporters.JUnitReportReporter -->
<testsuite hostname="ThinkP51" failures="0" tests="1" name="setup.LongPress" time="15.820" errors="0" timestamp="2024-08-29T12:08:29 PDT" skipped="0">
  <testcase classname="setup.LongPress" name="LongPressGesture" time="15.820"/>
</testsuite> <!-- setup.LongPress -->
