<?xml version="1.0" encoding="UTF-8"?>
<!-- Generated by org.testng.reporters.JUnitReportReporter -->
<testsuite hostname="ThinkP51" failures="0" tests="1" name="setup.AppiumBasics" time="2.535" errors="0" timestamp="2024-08-28T18:52:49 PDT" skipped="0">
  <testcase classname="setup.AppiumBasics" name="WifiSettingsName" time="2.535"/>
</testsuite> <!-- setup.AppiumBasics -->
