<?xml version="1.0" encoding="UTF-8"?>
<!-- Generated by org.testng.reporters.JUnitReportReporter -->
<testsuite hostname="ThinkP51" failures="0" tests="1" name="setup.MiscAppiumActions" time="20.301" errors="0" timestamp="2024-08-30T12:11:16 PDT" skipped="0">
  <testcase classname="setup.MiscAppiumActions" name="Misc" time="20.301"/>
</testsuite> <!-- setup.MiscAppiumActions -->
